<?xml version="1.0" encoding="UTF-8" ?>
<testsuite errors="0" failures="0" hostname="sami-laptop" name="com.flatironschool.javacs.WikiPhilosophyTest" skipped="0" tests="1" time="11.619" timestamp="2016-07-13T22:09:56">
  <properties>
[...]
</properties>
  <testcase classname="com.flatironschool.javacs.WikiPhilosophyTest" name="testMain" time="11.574" />
  <system-out><![CDATA[New URL: /wiki/Programming_language
New URL: /wiki/Formal_language
New URL: /wiki/Mathematics
New URL: /wiki/Quantity
New URL: /wiki/Property_(philosophy)
New URL: /wiki/Philosophy
Number of clicks: 6
]]></system-out>
  <system-err><![CDATA[]]></system-err>
</testsuite>
